c:\users\evgen\desktop\barkalov\parallel_prog\parallel_prog\x64\release\vc143.pdb
c:\users\evgen\desktop\barkalov\parallel_prog\parallel_prog\x64\release\lu_decomposition.obj
c:\users\evgen\desktop\barkalov\parallel_prog\x64\release\parallel_prog.exe
c:\users\evgen\desktop\barkalov\parallel_prog\x64\release\parallel_prog.pdb
c:\users\evgen\desktop\barkalov\parallel_prog\parallel_prog\x64\release\parallel_prog.ipdb
c:\users\evgen\desktop\barkalov\parallel_prog\parallel_prog\x64\release\parallel_prog.iobj
c:\users\evgen\desktop\barkalov\parallel_prog\parallel_prog\x64\release\parallel_prog.tlog\cl.command.1.tlog
c:\users\evgen\desktop\barkalov\parallel_prog\parallel_prog\x64\release\parallel_prog.tlog\cl.items.tlog
c:\users\evgen\desktop\barkalov\parallel_prog\parallel_prog\x64\release\parallel_prog.tlog\cl.read.1.tlog
c:\users\evgen\desktop\barkalov\parallel_prog\parallel_prog\x64\release\parallel_prog.tlog\cl.write.1.tlog
c:\users\evgen\desktop\barkalov\parallel_prog\parallel_prog\x64\release\parallel_prog.tlog\icx-cl.command.1.tlog
c:\users\evgen\desktop\barkalov\parallel_prog\parallel_prog\x64\release\parallel_prog.tlog\intel.build.icxtasks.icx.read.1.tlog
c:\users\evgen\desktop\barkalov\parallel_prog\parallel_prog\x64\release\parallel_prog.tlog\intel.build.icxtasks.icx.write.1.tlog
c:\users\evgen\desktop\barkalov\parallel_prog\parallel_prog\x64\release\parallel_prog.tlog\link.command.1.tlog
c:\users\evgen\desktop\barkalov\parallel_prog\parallel_prog\x64\release\parallel_prog.tlog\link.read.1.tlog
c:\users\evgen\desktop\barkalov\parallel_prog\parallel_prog\x64\release\parallel_prog.tlog\link.secondary.1.tlog
c:\users\evgen\desktop\barkalov\parallel_prog\parallel_prog\x64\release\parallel_prog.tlog\link.write.1.tlog
c:\users\evgen\desktop\barkalov\parallel_prog\parallel_prog\x64\release\parallel_prog.tlog\xilink-clang.read.1.tlog
c:\users\evgen\desktop\barkalov\parallel_prog\parallel_prog\x64\release\parallel_prog.tlog\xilink-lld-link.delete.1.tlog
c:\users\evgen\desktop\barkalov\parallel_prog\parallel_prog\x64\release\parallel_prog.tlog\xilink-lld-link.read.1.tlog
c:\users\evgen\desktop\barkalov\parallel_prog\parallel_prog\x64\release\parallel_prog.tlog\xilink-lld-link.read.10.tlog
c:\users\evgen\desktop\barkalov\parallel_prog\parallel_prog\x64\release\parallel_prog.tlog\xilink-lld-link.read.11.tlog
c:\users\evgen\desktop\barkalov\parallel_prog\parallel_prog\x64\release\parallel_prog.tlog\xilink-lld-link.read.12.tlog
c:\users\evgen\desktop\barkalov\parallel_prog\parallel_prog\x64\release\parallel_prog.tlog\xilink-lld-link.read.2.tlog
c:\users\evgen\desktop\barkalov\parallel_prog\parallel_prog\x64\release\parallel_prog.tlog\xilink-lld-link.read.3.tlog
c:\users\evgen\desktop\barkalov\parallel_prog\parallel_prog\x64\release\parallel_prog.tlog\xilink-lld-link.read.4.tlog
c:\users\evgen\desktop\barkalov\parallel_prog\parallel_prog\x64\release\parallel_prog.tlog\xilink-lld-link.read.5.tlog
c:\users\evgen\desktop\barkalov\parallel_prog\parallel_prog\x64\release\parallel_prog.tlog\xilink-lld-link.read.6.tlog
c:\users\evgen\desktop\barkalov\parallel_prog\parallel_prog\x64\release\parallel_prog.tlog\xilink-lld-link.read.7.tlog
c:\users\evgen\desktop\barkalov\parallel_prog\parallel_prog\x64\release\parallel_prog.tlog\xilink-lld-link.read.8.tlog
c:\users\evgen\desktop\barkalov\parallel_prog\parallel_prog\x64\release\parallel_prog.tlog\xilink-lld-link.read.9.tlog
c:\users\evgen\desktop\barkalov\parallel_prog\parallel_prog\x64\release\parallel_prog.tlog\xilink-lld-link.write.1.tlog
c:\users\evgen\desktop\barkalov\parallel_prog\parallel_prog\x64\release\parallel_prog.tlog\xilink.command.1.tlog
c:\users\evgen\desktop\barkalov\parallel_prog\parallel_prog\x64\release\parallel_prog.tlog\xilink.read.1.tlog
c:\users\evgen\desktop\barkalov\parallel_prog\parallel_prog\x64\release\parallel_prog.tlog\xilink.write.1.tlog
